#
# There is insufficient memory for the Java Runtime Environment to continue.
# Native memory allocation (mmap) failed to map 268435456 bytes for Failed to commit area from 0x0000000701400000 to 0x0000000711400000 of length 268435456.
# Possible reasons:
#   The system is out of physical RAM or swap space
#   The process is running with CompressedOops enabled, and the Java Heap may be blocking the growth of the native heap
# Possible solutions:
#   Reduce memory load on the system
#   Increase physical memory or swap space
#   Check if swap backing store is full
#   Decrease Java heap size (-Xmx/-Xms)
#   Decrease number of Java threads
#   Decrease Java thread stack sizes (-Xss)
#   Set larger code cache with -XX:ReservedCodeCacheSize=
# This output file may be truncated or incomplete.
#
#  Out of Memory Error (./src/hotspot/os/windows/os_windows.cpp:3301), pid=27928, tid=74776
#
# JRE version:  (11.0.11+9) (build )
# Java VM: OpenJDK 64-Bit Server VM (11.0.11+9-b1341.60, mixed mode, sharing, tiered, compressed oops, g1 gc, windows-amd64)
# No core dump will be written. Minidumps are not enabled by default on client versions of Windows
#

---------------  S U M M A R Y ------------

Command Line: org.jetbrains.git4idea.http.GitAskPassApp Username for 'http://47.108.231.185:8099': 

Host: Intel(R) Core(TM) i7-9750H CPU @ 2.60GHz, 12 cores, 15G,  Windows 10 , 64 bit Build 19041 (10.0.19041.1151)
Time: Tue Aug 31 19:36:31 2021 中国标准时间 elapsed time: 0.014480 seconds (0d 0h 0m 0s)

---------------  T H R E A D  ---------------

Current thread (0x0000025682796800):  JavaThread "Unknown thread" [_thread_in_vm, id=74776, stack(0x00000084eed00000,0x00000084eee00000)]

Stack: [0x00000084eed00000,0x00000084eee00000]
Native frames: (J=compiled Java code, j=interpreted, Vv=VM code, C=native code)
V  [jvm.dll+0x5f5c8a]
V  [jvm.dll+0x779405]
V  [jvm.dll+0x77aa1d]
V  [jvm.dll+0x77b0d3]
V  [jvm.dll+0x244bc8]
V  [jvm.dll+0x5f3084]
V  [jvm.dll+0x5e7fe5]
V  [jvm.dll+0x30098b]
V  [jvm.dll+0x3008fa]
V  [jvm.dll+0x3007d2]
V  [jvm.dll+0x3056b6]
V  [jvm.dll+0x34e353]
V  [jvm.dll+0x34ea56]
V  [jvm.dll+0x34e453]
V  [jvm.dll+0x2db398]
V  [jvm.dll+0x2dc547]
V  [jvm.dll+0x757bf7]
V  [jvm.dll+0x7593ec]
V  [jvm.dll+0x35b8d9]
V  [jvm.dll+0x73b38e]
V  [jvm.dll+0x3c3cc3]
V  [jvm.dll+0x3c60e1]
C  [jli.dll+0x5373]
C  [ucrtbase.dll+0x21bb2]
C  [KERNEL32.DLL+0x17034]
C  [ntdll.dll+0x52651]


---------------  P R O C E S S  ---------------

Threads class SMR info:
_java_thread_list=0x00000256805c2e70, length=0, elements={
}

Java Threads: ( => current thread )

Other Threads:
  0x00000256827aa000 GCTaskThread "GC Thread#0" [stack: 0x00000084eee00000,0x00000084eef00000] [id=47228]
  0x0000025682809000 ConcurrentGCThread "G1 Main Marker" [stack: 0x00000084eef00000,0x00000084ef000000] [id=75092]
  0x000002568280a800 ConcurrentGCThread "G1 Conc#0" [stack: 0x00000084ef000000,0x00000084ef100000] [id=74332]

[error occurred during error reporting (printing all threads), id 0xc0000005, EXCEPTION_ACCESS_VIOLATION (0xc0000005) at pc=0x00007ffc50c0b9f7]

VM state:not at safepoint (not fully initialized)

VM Mutex/Monitor currently owned by a thread:  ([mutex/lock_event])
[0x0000025682793000] Heap_lock - owner thread: 0x0000025682796800

Heap address: 0x0000000701400000, size: 4076 MB, Compressed Oops mode: Non-zero based: 0x0000000701400000
Narrow klass base: 0x0000000000000000, Narrow klass shift: 0

GC Heap History (0 events):
No events

Deoptimization events (0 events):
No events

Classes redefined (0 events):
No events

Internal exceptions (0 events):
No events

Events (1 events):
Event: 0.007 Loaded shared library D:\DevelopingTools\IDEA\IntelliJ IDEA 2020.3.2\jbr\bin\zip.dll


Dynamic libraries:
0x00007ff678420000 - 0x00007ff67842a000 	D:\DevelopingTools\IDEA\IntelliJ IDEA 2020.3.2\jbr\bin\java.exe
0x00007ffcbfab0000 - 0x00007ffcbfca5000 	C:\WINDOWS\SYSTEM32\ntdll.dll
0x00007ffcbee20000 - 0x00007ffcbeedd000 	C:\WINDOWS\System32\KERNEL32.DLL
0x00007ffcbd390000 - 0x00007ffcbd659000 	C:\WINDOWS\System32\KERNELBASE.dll
0x00007ffcbd1e0000 - 0x00007ffcbd2e0000 	C:\WINDOWS\System32\ucrtbase.dll
0x00007ffcb5460000 - 0x00007ffcb5479000 	D:\DevelopingTools\IDEA\IntelliJ IDEA 2020.3.2\jbr\bin\jli.dll
0x00007ffcb1bd0000 - 0x00007ffcb1be7000 	D:\DevelopingTools\IDEA\IntelliJ IDEA 2020.3.2\jbr\bin\VCRUNTIME140.dll
0x00007ffcbf670000 - 0x00007ffcbf810000 	C:\WINDOWS\System32\USER32.dll
0x00007ffcbd810000 - 0x00007ffcbd832000 	C:\WINDOWS\System32\win32u.dll
0x00007ffcbedf0000 - 0x00007ffcbee1a000 	C:\WINDOWS\System32\GDI32.dll
0x00007ffcbd700000 - 0x00007ffcbd80b000 	C:\WINDOWS\System32\gdi32full.dll
0x00007ffca8ed0000 - 0x00007ffca916a000 	C:\WINDOWS\WinSxS\amd64_microsoft.windows.common-controls_6595b64144ccf1df_6.0.19041.1110_none_60b5254171f9507e\COMCTL32.dll
0x00007ffcbd660000 - 0x00007ffcbd6fd000 	C:\WINDOWS\System32\msvcp_win.dll
0x00007ffcbdc00000 - 0x00007ffcbdc9e000 	C:\WINDOWS\System32\msvcrt.dll
0x00007ffcbdb70000 - 0x00007ffcbdba0000 	C:\WINDOWS\System32\IMM32.DLL
0x00007ffc9ba50000 - 0x00007ffc9baed000 	D:\DevelopingTools\IDEA\IntelliJ IDEA 2020.3.2\jbr\bin\msvcp140.dll
0x00007ffc50920000 - 0x00007ffc51469000 	D:\DevelopingTools\IDEA\IntelliJ IDEA 2020.3.2\jbr\bin\server\jvm.dll
0x00007ffcbed40000 - 0x00007ffcbedec000 	C:\WINDOWS\System32\ADVAPI32.dll
0x00007ffcbf520000 - 0x00007ffcbf5bb000 	C:\WINDOWS\System32\sechost.dll
0x00007ffcbf870000 - 0x00007ffcbf99a000 	C:\WINDOWS\System32\RPCRT4.dll
0x00007ffcbf510000 - 0x00007ffcbf518000 	C:\WINDOWS\System32\PSAPI.DLL
0x00007ffca5890000 - 0x00007ffca5899000 	C:\WINDOWS\SYSTEM32\WSOCK32.dll
0x00007ffcb6da0000 - 0x00007ffcb6daa000 	C:\WINDOWS\SYSTEM32\VERSION.dll
0x00007ffcb22b0000 - 0x00007ffcb22d7000 	C:\WINDOWS\SYSTEM32\WINMM.dll
0x00007ffcbf9a0000 - 0x00007ffcbfa0b000 	C:\WINDOWS\System32\WS2_32.dll
0x00007ffcbba50000 - 0x00007ffcbba62000 	C:\WINDOWS\SYSTEM32\kernel.appcore.dll
0x00007ffc9a040000 - 0x00007ffc9a051000 	D:\DevelopingTools\IDEA\IntelliJ IDEA 2020.3.2\jbr\bin\verify.dll
0x00007ffcbb760000 - 0x00007ffcbb944000 	C:\WINDOWS\SYSTEM32\DBGHELP.DLL
0x00007ffca6870000 - 0x00007ffca689c000 	C:\WINDOWS\SYSTEM32\dbgcore.DLL
0x00007ffcbd9d0000 - 0x00007ffcbda53000 	C:\WINDOWS\System32\bcryptPrimitives.dll
0x00007ffc8f240000 - 0x00007ffc8f269000 	D:\DevelopingTools\IDEA\IntelliJ IDEA 2020.3.2\jbr\bin\java.dll
0x00007ffcb6e70000 - 0x00007ffcb6e7b000 	D:\DevelopingTools\IDEA\IntelliJ IDEA 2020.3.2\jbr\bin\jimage.dll
0x00007ffc98450000 - 0x00007ffc98468000 	D:\DevelopingTools\IDEA\IntelliJ IDEA 2020.3.2\jbr\bin\zip.dll

dbghelp: loaded successfully - version: 4.0.5 - missing functions: none
symbol engine: initialized successfully - sym options: 0x614 - pdb path: .;D:\DevelopingTools\IDEA\IntelliJ IDEA 2020.3.2\jbr\bin;C:\WINDOWS\SYSTEM32;C:\WINDOWS\WinSxS\amd64_microsoft.windows.common-controls_6595b64144ccf1df_6.0.19041.1110_none_60b5254171f9507e;D:\DevelopingTools\IDEA\IntelliJ IDEA 2020.3.2\jbr\bin\server

VM Arguments:
java_command: org.jetbrains.git4idea.http.GitAskPassApp Username for 'http://47.108.231.185:8099': 
java_class_path (initial): D:/DevelopingTools/IDEA/IntelliJ IDEA 2020.3.2/plugins/git4idea/lib/git4idea-rt.jar;D:/DevelopingTools/IDEA/IntelliJ IDEA 2020.3.2/lib/xmlrpc-2.0.1.jar;D:/DevelopingTools/IDEA/IntelliJ IDEA 2020.3.2/lib/commons-codec-1.15.jar
Launcher Type: SUN_STANDARD

[Global flags]
     intx CICompilerCount                          = 4                                         {product} {ergonomic}
     uint ConcGCThreads                            = 3                                         {product} {ergonomic}
     uint G1ConcRefinementThreads                  = 10                                        {product} {ergonomic}
   size_t G1HeapRegionSize                         = 1048576                                   {product} {ergonomic}
    uintx GCDrainStackTargetSize                   = 64                                        {product} {ergonomic}
   size_t InitialHeapSize                          = 268435456                                 {product} {ergonomic}
   size_t MarkStackSize                            = 4194304                                   {product} {ergonomic}
   size_t MaxHeapSize                              = 4273995776                                {product} {ergonomic}
   size_t MinHeapDeltaBytes                        = 1048576                                   {product} {ergonomic}
    uintx NonNMethodCodeHeapSize                   = 5836300                                {pd product} {ergonomic}
    uintx NonProfiledCodeHeapSize                  = 122910970                              {pd product} {ergonomic}
    uintx ProfiledCodeHeapSize                     = 122910970                              {pd product} {ergonomic}
    uintx ReservedCodeCacheSize                    = 251658240                              {pd product} {ergonomic}
     bool SegmentedCodeCache                       = true                                      {product} {ergonomic}
     bool UseCompressedClassPointers               = true                                 {lp64_product} {ergonomic}
     bool UseCompressedOops                        = true                                 {lp64_product} {ergonomic}
     bool UseG1GC                                  = true                                      {product} {ergonomic}
     bool UseLargePagesIndividualAllocation        = false                                  {pd product} {ergonomic}

Logging:
Log output configuration:
 #0: stdout all=warning uptime,level,tags
 #1: stderr all=off uptime,level,tags

Environment Variables:
JAVA_HOME=D:\DevelopingTools\AllPackages\jdk8\jdk1.8.0_131\jdk1.8.0_131
PATH=D:\DevelopingTools\Git\Git\mingw64\libexec\git-core;D:\DevelopingTools\Git\Git\mingw64\bin;D:\DevelopingTools\Git\Git\usr\bin;C:\Users\MarvinCen\bin;C:\Program Files\AdoptOpenJDK\jdk-11.0.11.9-hotspot\bin;C:\Windows\system32;C:\Windows;C:\Windows\System32\Wbem;C:\Windows\System32\WindowsPowerShell\v1.0;C:\Windows\System32\OpenSSH;C:\Program Files (x86)\NVIDIA Corporation\PhysX\Common;C:\Program Files\NVIDIA Corporation\NVIDIA NGX;C:\Program Files\NVIDIA Corporation\NVIDIA NvDLISR;C:\WINDOWS\system32;C:\WINDOWS;C:\WINDOWS\System32\Wbem;C:\WINDOWS\System32\WindowsPowerShell\v1.0;C:\WINDOWS\System32\OpenSSH;D:\DevelopingTools\Node\Node_install;D:\DevelopingTools\Gradle\gradle-5.6.4-all\gradle-5.6.4\bin;D:\DevelopingTools\AllPackages\jdk8\jdk1.8.0_131\jdk1.8.0_131\bin;D:\DevelopingTools\Git\Git\cmd;E:\AllFiles\MathematicalContest\Matlab\matlab_install\runtime\win64;E:\AllFiles\MathematicalContest\Matlab\matlab_install\bin;D:\DevelopingTools\MySQL\mysql-8.0.23-winx64\bin;D:\DevelopingTools\AllPackages\gcc\TDM-GCC-64\bin;D:\DevelopingTools\Python37\Scripts;D:\DevelopingTools\Python37;C:\Users\MarvinCen\AppData\Local\Microsoft\WindowsApps;D:\DevelopingTools\IDEA\IntelliJ IDEA 2020.3.2\bin;D:\DevelopingTools\PyCharm\PyCharm 2020.3.3\bin;D:\DevelopingTools\WebStorm\WebStorm 2020.3.2\bin;D:\DevelopingTools\Node\Node_install\node_global;E:\CloudStorage\DockerToolBox\Docker Toolbox;E:\Editor\VSCode\Microsoft VS Code\bin
USERNAME=MarvinCen
DISPLAY=:0.0
LC_ALL=en_US.UTF-8
OS=Windows_NT
PROCESSOR_IDENTIFIER=Intel64 Family 6 Model 158 Stepping 10, GenuineIntel



---------------  S Y S T E M  ---------------

OS: Windows 10 , 64 bit Build 19041 (10.0.19041.1151)
OS uptime: 15 days 10:49 hours

CPU:total 12 (initial active 12) (6 cores per cpu, 2 threads per core) family 6 model 158 stepping 10 microcode 0xb4, cmov, cx8, fxsr, mmx, sse, sse2, sse3, ssse3, sse4.1, sse4.2, popcnt, avx, avx2, aes, clmul, erms, 3dnowpref, lzcnt, ht, tsc, tscinvbit, bmi1, bmi2, adx, fma

Memory: 4k page, system-wide physical 16303M (2380M free)
TotalPageFile size 29103M (AvailPageFile size 204M)
current process WorkingSet (physical memory assigned to process): 10M, peak: 10M
current process commit charge ("private bytes"): 64M, peak: 320M

vm_info: OpenJDK 64-Bit Server VM (11.0.11+9-b1341.60) for windows-amd64 JRE (11.0.11+9-b1341.60), built on Jun  4 2021 08:17:54 by "" with MS VC++ 14.0 (VS2015)

END.
